$ python ./TransactionRiskScore.py -d 3 -tx "7660c3c260148a231455c5978762a935b048860bf740da469bf1f247b9bd5518"
____________TRANSACTION RISK SCORE____________
Number of participants 2
Calculating Risk Score for account '18yXaf6HErMp26BEZwe8rCRJJMH5XMcvve'
Calculating Risk Score for account '1JwWLvfCvkFGepfsyYLLBES8LRVB3N4Dey'
address 1JwWLvfCvkFGepfsyYLLBES8LRVB3N4Dey has 4 transactions
Computing transaction 7660c3c260148a231455c5978762a935b048860bf740da469bf1f247b9bd5518 Upstream score
address 18yXaf6HErMp26BEZwe8rCRJJMH5XMcvve has 4 transactions
Computing transaction 10e538420b5d572436df0895db9c4168481b7d313c71cb9351ba30fc4f87b233 Upstream score
Computing transaction a45aabb7470c61c05d195758b8746d7bd1445a756deac713264a0e32936c664b Upstream score
Computing transaction 7660c3c260148a231455c5978762a935b048860bf740da469bf1f247b9bd5518 Upstream score
Computing transaction b6b62b8b61b3838da15198541dff98fa40af38234760595acbf6212b27da9072 Upstream score
Computing transaction 512949fa7b4b3b25038a2121eab66505b61547e67040f6420833d90b3648fa23 Upstream score
Computing transaction 03588a105bf61f628502ab1b69b16ba585bb964ec1c2d857f5784de16fd24381 Upstream score
Computing transaction a45aabb7470c61c05d195758b8746d7bd1445a756deac713264a0e32936c664b Upstream score
Computing transaction 10e538420b5d572436df0895db9c4168481b7d313c71cb9351ba30fc4f87b233 Downstream score
Computing transaction 7660c3c260148a231455c5978762a935b048860bf740da469bf1f247b9bd5518 Downstream score
Computing transaction a45aabb7470c61c05d195758b8746d7bd1445a756deac713264a0e32936c664b Downstream score
Computing transaction 7660c3c260148a231455c5978762a935b048860bf740da469bf1f247b9bd5518 Downstream score
Computing transaction 512949fa7b4b3b25038a2121eab66505b61547e67040f6420833d90b3648fa23 Downstream score
Computing transaction a45aabb7470c61c05d195758b8746d7bd1445a756deac713264a0e32936c664b Downstream score
Computing transaction b6b62b8b61b3838da15198541dff98fa40af38234760595acbf6212b27da9072 Downstream score
Calculated Score for 18yXaf6HErMp26BEZwe8rCRJJMH5XMcvve
Computing transaction 03588a105bf61f628502ab1b69b16ba585bb964ec1c2d857f5784de16fd24381 Downstream score
Calculated Score for 1JwWLvfCvkFGepfsyYLLBES8LRVB3N4Dey
FINAL SCORE:31717875.0

